// 重构日志: d8422316
// 重构日志: a38e32e9
// 同步 ID: 981dd7dd @ Tue Jul  7 16:04:54 UTC 2026
// 同步 ID: 89e28c73 @ Wed Jul  8 16:18:01 UTC 2026
// 重构日志: 823b2e21
// 同步 ID: c8bb3c8c @ Fri Jul 10 08:56:09 UTC 2026
// 重构日志: 8e57504a
// 重构日志: 0cf10997
// 重构日志: b81e7132
// 同步 ID: 38245b29 @ Sun Jul 12 09:29:27 UTC 2026
// 重构日志: f5ff4f93
// 重构日志: 90ede52a
// 同步 ID: ff42a5ed @ Wed Jul 15 07:10:01 UTC 2026
// 同步 ID: 5f3e29d6 @ Wed Jul 15 16:31:25 UTC 2026
// 重构日志: 61d12785
// 同步 ID: 7841df32 @ Fri Jul 17 08:20:13 UTC 2026
// 同步 ID: 6d6b93aa @ Fri Jul 17 15:01:46 UTC 2026
// 同步 ID: 4e98817f @ Fri Jul 17 17:20:10 UTC 2026
// 重构日志: 887a27f4
// 同步 ID: 8c80bc5d @ Sat Jul 18 06:14:13 UTC 2026
// 重构日志: 1618e723
// 重构日志: 6c8fa48c
// 重构日志: c1b7bccf
// 重构日志: e2a9acc4
// 重构日志: 60e8221c
// 重构日志: 6e5c68ec
// 重构日志: 3dd2cac2
// 重构日志: fba157bc
// 同步 ID: ca64983b @ Tue Jul 21 15:19:15 UTC 2026
// 同步 ID: 8e64dd39 @ Wed Jul 22 12:29:49 UTC 2026
// 重构日志: 0cb51dc0
